<?xml version="1.0" encoding="UTF-8"?>
<!-- Generated by org.testng.reporters.JUnitXMLReporter -->
<testsuite ignored="0" hostname="Yasmin" failures="0" tests="5" name="MyTest" time="0.112" errors="0" timestamp="2023-10-29T13:23:04 EDT">
  <testcase classname="login.BaseTest" name="@BeforeMethod setUpBeforeTestMethod" time="0.011">
    <failure type="java.lang.NullPointerException" message="Cannot invoke &amp;quot;org.apache.logging.log4j.Logger.info(String)&amp;quot; because &amp;quot;myLog&amp;quot; is null">
      <![CDATA[java.lang.NullPointerException: Cannot invoke "org.apache.logging.log4j.Logger.info(String)" because "myLog" is null
at login.BaseTest.setUpBeforeTestMethod(BaseTest.java:43)
at java.base/java.util.ArrayList.forEach(ArrayList.java:1511)
... Removed 31 stack frames]]>
    </failure>
  </testcase> <!-- @BeforeMethod setUpBeforeTestMethod -->
  <testcase classname="login.BaseTest" name="@AfterMethod tearDownAfterTestMethod" time="0.0">
    <skipped/>
  </testcase> <!-- @AfterMethod tearDownAfterTestMethod -->
  <testcase classname="login.BaseTest" name="@BeforeMethod setUpBeforeTestMethod" time="0.0">
    <skipped/>
  </testcase> <!-- @BeforeMethod setUpBeforeTestMethod -->
  <testcase classname="login.BaseTest" name="@AfterMethod tearDownAfterTestMethod" time="0.0">
    <skipped/>
  </testcase> <!-- @AfterMethod tearDownAfterTestMethod -->
  <testcase classname="login.BaseTest" name="@BeforeMethod setUpBeforeTestMethod" time="0.0">
    <skipped/>
  </testcase> <!-- @BeforeMethod setUpBeforeTestMethod -->
  <testcase classname="login.BaseTest" name="@AfterMethod tearDownAfterTestMethod" time="0.0">
    <skipped/>
  </testcase> <!-- @AfterMethod tearDownAfterTestMethod -->
  <testcase classname="login.BaseTest" name="@BeforeMethod setUpBeforeTestMethod" time="0.0">
    <skipped/>
  </testcase> <!-- @BeforeMethod setUpBeforeTestMethod -->
  <testcase classname="login.BaseTest" name="@AfterMethod tearDownAfterTestMethod" time="0.0">
    <skipped/>
  </testcase> <!-- @AfterMethod tearDownAfterTestMethod -->
  <testcase classname="login.BaseTest" name="@BeforeMethod setUpBeforeTestMethod" time="0.0">
    <skipped/>
  </testcase> <!-- @BeforeMethod setUpBeforeTestMethod -->
  <testcase classname="login.BaseTest" name="@AfterMethod tearDownAfterTestMethod" time="0.0">
    <skipped/>
  </testcase> <!-- @AfterMethod tearDownAfterTestMethod -->
  <testcase classname="login.Login" name="CheckRememberMe" time="0.0">
    <skipped/>
  </testcase> <!-- CheckRememberMe -->
  <testcase classname="login.Login" name="ForgotPasswordandUsername" time="0.0">
    <skipped/>
  </testcase> <!-- ForgotPasswordandUsername -->
  <testcase classname="login.Login" name="Forgotpassword" time="0.0">
    <skipped/>
  </testcase> <!-- Forgotpassword -->
  <testcase classname="login.Login" name="LoginErrorMessage" time="0.0">
    <skipped/>
  </testcase> <!-- LoginErrorMessage -->
  <testcase classname="login.Login" name="LoginToSalesforce" time="0.0">
    <skipped/>
  </testcase> <!-- LoginToSalesforce -->
</testsuite> <!-- MyTest -->
