<?xml version="1.0" encoding="UTF-8"?>
<!-- Generated by org.testng.reporters.JUnitXMLReporter -->
<testsuite ignored="0" hostname="Yasmin" failures="0" tests="5" name="MyTest" time="47.162" errors="0" timestamp="2023-10-30T17:21:16 EDT">
  <testcase classname="login.Login" name="CheckRememberMe" time="12.35"/>
  <testcase classname="login.Login" name="ForgotPasswordandUsername" time="0.423"/>
  <testcase classname="login.Login" name="Forgotpassword" time="1.051"/>
  <testcase classname="login.Login" name="LoginErrorMessage" time="0.389"/>
  <testcase classname="login.Login" name="LoginToSalesforce" time="7.234"/>
</testsuite> <!-- MyTest -->
